mode: set
github.com/fbveronez/go-test-case-api/internal/service/account.go:27.74,31.2 1 1
github.com/fbveronez/go-test-case-api/internal/service/account.go:33.70,35.34 1 1
github.com/fbveronez/go-test-case-api/internal/service/account.go:35.34,37.3 1 1
github.com/fbveronez/go-test-case-api/internal/service/account.go:39.2,41.16 2 1
github.com/fbveronez/go-test-case-api/internal/service/account.go:41.16,42.45 1 0
github.com/fbveronez/go-test-case-api/internal/service/account.go:42.45,44.4 1 0
github.com/fbveronez/go-test-case-api/internal/service/account.go:44.9,46.4 1 0
github.com/fbveronez/go-test-case-api/internal/service/account.go:49.2,49.28 1 1
github.com/fbveronez/go-test-case-api/internal/service/account.go:49.28,51.3 1 1
github.com/fbveronez/go-test-case-api/internal/service/account.go:53.2,53.31 1 1
github.com/fbveronez/go-test-case-api/internal/service/account.go:56.74,59.16 2 1
github.com/fbveronez/go-test-case-api/internal/service/account.go:59.16,60.45 1 0
github.com/fbveronez/go-test-case-api/internal/service/account.go:60.45,62.4 1 0
github.com/fbveronez/go-test-case-api/internal/service/account.go:63.3,63.18 1 0
github.com/fbveronez/go-test-case-api/internal/service/account.go:66.2,66.21 1 1
github.com/fbveronez/go-test-case-api/internal/service/account.go:69.61,72.16 2 1
github.com/fbveronez/go-test-case-api/internal/service/account.go:72.16,73.45 1 1
github.com/fbveronez/go-test-case-api/internal/service/account.go:73.45,75.4 1 1
github.com/fbveronez/go-test-case-api/internal/service/account.go:76.3,76.13 1 0
github.com/fbveronez/go-test-case-api/internal/service/account.go:79.2,79.12 1 1
github.com/fbveronez/go-test-case-api/internal/service/mock_account_service.go:12.74,15.2 2 0
github.com/fbveronez/go-test-case-api/internal/service/mock_account_service.go:17.78,20.2 2 0
github.com/fbveronez/go-test-case-api/internal/service/mock_account_service.go:22.72,25.2 2 0
github.com/fbveronez/go-test-case-api/internal/service/mock_transaction_service.go:12.80,15.2 2 0
github.com/fbveronez/go-test-case-api/internal/service/mock_transaction_service.go:17.108,20.24 2 0
github.com/fbveronez/go-test-case-api/internal/service/mock_transaction_service.go:20.24,22.3 1 0
github.com/fbveronez/go-test-case-api/internal/service/mock_transaction_service.go:24.2,24.57 1 0
github.com/fbveronez/go-test-case-api/internal/service/mock_transaction_service.go:27.129,33.2 3 0
github.com/fbveronez/go-test-case-api/internal/service/transaction.go:21.83,23.2 1 1
github.com/fbveronez/go-test-case-api/internal/service/transaction.go:25.76,28.16 2 1
github.com/fbveronez/go-test-case-api/internal/service/transaction.go:28.16,29.50 1 1
github.com/fbveronez/go-test-case-api/internal/service/transaction.go:29.50,31.4 1 1
github.com/fbveronez/go-test-case-api/internal/service/transaction.go:33.3,33.13 1 1
github.com/fbveronez/go-test-case-api/internal/service/transaction.go:35.2,35.12 1 1
github.com/fbveronez/go-test-case-api/internal/service/transaction.go:38.104,40.2 1 1
github.com/fbveronez/go-test-case-api/internal/service/transaction.go:42.125,44.2 1 1
github.com/fbveronez/go-test-case-api/internal/handlers/account.go:19.66,21.2 1 1
github.com/fbveronez/go-test-case-api/internal/handlers/account.go:32.56,35.47 2 1
github.com/fbveronez/go-test-case-api/internal/handlers/account.go:35.47,38.3 2 1
github.com/fbveronez/go-test-case-api/internal/handlers/account.go:40.2,44.58 2 1
github.com/fbveronez/go-test-case-api/internal/handlers/account.go:44.58,47.3 2 0
github.com/fbveronez/go-test-case-api/internal/handlers/account.go:49.2,49.37 1 1
github.com/fbveronez/go-test-case-api/internal/handlers/account.go:60.57,64.16 3 1
github.com/fbveronez/go-test-case-api/internal/handlers/account.go:64.16,67.3 2 1
github.com/fbveronez/go-test-case-api/internal/handlers/account.go:69.2,70.16 2 1
github.com/fbveronez/go-test-case-api/internal/handlers/account.go:70.16,71.45 1 1
github.com/fbveronez/go-test-case-api/internal/handlers/account.go:71.45,74.4 2 1
github.com/fbveronez/go-test-case-api/internal/handlers/account.go:75.3,76.9 2 1
github.com/fbveronez/go-test-case-api/internal/handlers/account.go:79.2,79.32 1 1
github.com/fbveronez/go-test-case-api/internal/handlers/account.go:90.56,95.16 3 1
github.com/fbveronez/go-test-case-api/internal/handlers/account.go:95.16,100.3 2 0
github.com/fbveronez/go-test-case-api/internal/handlers/account.go:102.2,103.16 2 1
github.com/fbveronez/go-test-case-api/internal/handlers/account.go:103.16,105.45 1 0
github.com/fbveronez/go-test-case-api/internal/handlers/account.go:105.45,110.4 2 0
github.com/fbveronez/go-test-case-api/internal/handlers/account.go:112.3,115.9 2 0
github.com/fbveronez/go-test-case-api/internal/handlers/account.go:118.2,118.41 1 1
github.com/fbveronez/go-test-case-api/internal/handlers/transaction.go:19.78,21.2 1 1
github.com/fbveronez/go-test-case-api/internal/handlers/transaction.go:32.64,36.47 2 1
github.com/fbveronez/go-test-case-api/internal/handlers/transaction.go:36.47,39.3 2 1
github.com/fbveronez/go-test-case-api/internal/handlers/transaction.go:41.2,47.66 2 1
github.com/fbveronez/go-test-case-api/internal/handlers/transaction.go:47.66,48.49 1 0
github.com/fbveronez/go-test-case-api/internal/handlers/transaction.go:48.49,51.4 2 0
github.com/fbveronez/go-test-case-api/internal/handlers/transaction.go:52.3,53.9 2 0
github.com/fbveronez/go-test-case-api/internal/handlers/transaction.go:56.2,56.41 1 1
github.com/fbveronez/go-test-case-api/internal/handlers/transaction.go:67.73,71.16 3 1
github.com/fbveronez/go-test-case-api/internal/handlers/transaction.go:71.16,74.3 2 0
github.com/fbveronez/go-test-case-api/internal/handlers/transaction.go:76.2,77.16 2 1
github.com/fbveronez/go-test-case-api/internal/handlers/transaction.go:77.16,78.45 1 0
github.com/fbveronez/go-test-case-api/internal/handlers/transaction.go:78.45,81.4 2 0
github.com/fbveronez/go-test-case-api/internal/handlers/transaction.go:82.3,83.9 2 0
github.com/fbveronez/go-test-case-api/internal/handlers/transaction.go:86.2,86.37 1 1
github.com/fbveronez/go-test-case-api/internal/handlers/transaction.go:99.64,104.16 3 0
github.com/fbveronez/go-test-case-api/internal/handlers/transaction.go:104.16,107.3 2 0
github.com/fbveronez/go-test-case-api/internal/handlers/transaction.go:109.2,111.47 2 0
github.com/fbveronez/go-test-case-api/internal/handlers/transaction.go:111.47,114.3 2 0
github.com/fbveronez/go-test-case-api/internal/handlers/transaction.go:116.2,121.16 3 0
github.com/fbveronez/go-test-case-api/internal/handlers/transaction.go:121.16,123.45 1 0
github.com/fbveronez/go-test-case-api/internal/handlers/transaction.go:123.45,126.4 2 0
github.com/fbveronez/go-test-case-api/internal/handlers/transaction.go:128.3,129.9 2 0
github.com/fbveronez/go-test-case-api/internal/handlers/transaction.go:132.2,132.36 1 0
