mode: set
github.com/fbveronez/go-test-case-api/internal/service/account.go:33.74,37.2 1 1
github.com/fbveronez/go-test-case-api/internal/service/account.go:40.70,42.34 1 1
github.com/fbveronez/go-test-case-api/internal/service/account.go:42.34,44.3 1 1
github.com/fbveronez/go-test-case-api/internal/service/account.go:46.2,48.16 2 1
github.com/fbveronez/go-test-case-api/internal/service/account.go:48.16,49.45 1 0
github.com/fbveronez/go-test-case-api/internal/service/account.go:49.45,51.4 1 0
github.com/fbveronez/go-test-case-api/internal/service/account.go:51.9,53.4 1 0
github.com/fbveronez/go-test-case-api/internal/service/account.go:56.2,56.28 1 1
github.com/fbveronez/go-test-case-api/internal/service/account.go:56.28,58.3 1 1
github.com/fbveronez/go-test-case-api/internal/service/account.go:60.2,60.31 1 1
github.com/fbveronez/go-test-case-api/internal/service/account.go:64.74,67.16 2 1
github.com/fbveronez/go-test-case-api/internal/service/account.go:67.16,68.45 1 1
github.com/fbveronez/go-test-case-api/internal/service/account.go:68.45,70.4 1 1
github.com/fbveronez/go-test-case-api/internal/service/account.go:71.3,71.18 1 0
github.com/fbveronez/go-test-case-api/internal/service/account.go:74.2,74.21 1 1
github.com/fbveronez/go-test-case-api/internal/service/account.go:78.61,81.16 2 1
github.com/fbveronez/go-test-case-api/internal/service/account.go:81.16,82.45 1 1
github.com/fbveronez/go-test-case-api/internal/service/account.go:82.45,84.4 1 1
github.com/fbveronez/go-test-case-api/internal/service/account.go:85.3,85.13 1 0
github.com/fbveronez/go-test-case-api/internal/service/account.go:88.2,88.12 1 1
github.com/fbveronez/go-test-case-api/internal/service/account.go:91.77,93.16 2 0
github.com/fbveronez/go-test-case-api/internal/service/account.go:93.16,95.3 1 0
github.com/fbveronez/go-test-case-api/internal/service/account.go:97.2,98.16 2 0
github.com/fbveronez/go-test-case-api/internal/service/account.go:98.16,100.3 1 0
github.com/fbveronez/go-test-case-api/internal/service/account.go:102.2,102.12 1 0
github.com/fbveronez/go-test-case-api/internal/service/transaction.go:27.83,29.2 1 1
github.com/fbveronez/go-test-case-api/internal/service/transaction.go:32.76,35.16 2 1
github.com/fbveronez/go-test-case-api/internal/service/transaction.go:35.16,36.50 1 1
github.com/fbveronez/go-test-case-api/internal/service/transaction.go:36.50,38.4 1 1
github.com/fbveronez/go-test-case-api/internal/service/transaction.go:40.3,40.57 1 1
github.com/fbveronez/go-test-case-api/internal/service/transaction.go:40.57,42.4 1 1
github.com/fbveronez/go-test-case-api/internal/service/transaction.go:44.3,44.13 1 1
github.com/fbveronez/go-test-case-api/internal/service/transaction.go:46.2,46.12 1 1
github.com/fbveronez/go-test-case-api/internal/service/transaction.go:50.104,52.2 1 1
github.com/fbveronez/go-test-case-api/internal/service/transaction.go:55.125,57.2 1 1
